{
  "stats": {
    "suites": 20,
    "tests": 51,
    "passes": 51,
    "pending": 0,
    "failures": 0,
    "testsRegistered": 51,
    "passPercent": 100,
    "pendingPercent": 0,
    "other": 0,
    "hasOther": false,
    "skipped": 0,
    "hasSkipped": false,
    "start": "2023-04-03T07:51:33.695Z",
    "end": "2023-04-03T07:52:50.344Z",
    "duration": 76649
  },
  "results": [
    {
      "uuid": "ec8baa34-d09b-4968-a421-33ed3d6108d7",
      "title": "",
      "fullFile": "cypress/e2e/course_gianni/automation-test-store/add-multiple-items-to-basket.cy.js",
      "file": "cypress/e2e/course_gianni/automation-test-store/add-multiple-items-to-basket.cy.js",
      "beforeHooks": [],
      "afterHooks": [],
      "tests": [],
      "suites": [
        {
          "uuid": "66e243ba-858c-4923-9c52-ff6e38448ac3",
          "title": "Add multiple items to basket",
          "fullFile": "",
          "file": "",
          "beforeHooks": [],
          "afterHooks": [],
          "tests": [
            {
              "title": "Add specific multiple items to basket",
              "fullTitle": "Add multiple items to basket Add specific multiple items to basket",
              "timedOut": null,
              "duration": 3898,
              "state": "passed",
              "speed": "fast",
              "pass": true,
              "fail": false,
              "pending": false,
              "context": null,
              "code": "globalThis.data.productName.forEach(function (element) {\n  cy.addProductToBsaket(element);\n});\ncy.get('.dropdown-toggle > .fa').click();\n//  autoStore_HairCare_PO.addHairCareProductsToBusket()",
              "err": {},
              "uuid": "ce2778fd-fb18-4d64-aa66-dcc1f5045d31",
              "parentUUID": "66e243ba-858c-4923-9c52-ff6e38448ac3",
              "isHook": false,
              "skipped": false
            }
          ],
          "suites": [],
          "passes": [
            "ce2778fd-fb18-4d64-aa66-dcc1f5045d31"
          ],
          "failures": [],
          "pending": [],
          "skipped": [],
          "duration": 3898,
          "root": false,
          "rootEmpty": false,
          "_timeout": 2000
        }
      ],
      "passes": [],
      "failures": [],
      "pending": [],
      "skipped": [],
      "duration": 0,
      "root": true,
      "rootEmpty": true,
      "_timeout": 2000
    },
    {
      "uuid": "1543e88d-cb37-49dc-bf50-dc1060c05bd7",
      "title": "",
      "fullFile": "cypress/e2e/course_gianni/automation-test-store/alias-invoke.cy.js",
      "file": "cypress/e2e/course_gianni/automation-test-store/alias-invoke.cy.js",
      "beforeHooks": [],
      "afterHooks": [],
      "tests": [],
      "suites": [
        {
          "uuid": "420ed2bc-da7d-4d3e-aad4-e86b5c0505a2",
          "title": "Alias and invoke",
          "fullFile": "",
          "file": "",
          "beforeHooks": [],
          "afterHooks": [],
          "tests": [
            {
              "title": "Calculate total of narmal and sale products",
              "fullTitle": "Alias and invoke Calculate total of narmal and sale products",
              "timedOut": null,
              "duration": 1454,
              "state": "passed",
              "speed": "fast",
              "pass": true,
              "fail": false,
              "pending": false,
              "context": null,
              "code": "cy.visit('https://www.automationteststore.com/');\ncy.get('.thumbnail').as('productThumbnail');\n// cy.get('@productThumbnail')\n//     .find('.oneprice')\n//     .each(($el, index, $list) => {\n//         cy.log($el.text())\n//     })\ncy.get('@productThumbnail').find('.oneprice').invoke('text').as('itemPrice');\ncy.get('@productThumbnail').find('.pricenew').invoke('text').as('saleItemPrice');\nvar itemsTotal = 0;\ncy.get('@itemPrice').then($linkText => {\n  var itemPriceTotal = 0;\n  //create an array\n  var itemPrice = $linkText.split('$');\n  //iterate througth the array\n  var i;\n  // for loop\n  for (i = 0; i < itemPrice.length; i++) {\n    cy.log(itemPrice[i]);\n    itemPriceTotal += Number(itemPrice[i]);\n  }\n  itemsTotal += itemPriceTotal;\n  cy.log(\"Non sale price items total: \" + itemPriceTotal);\n});\ncy.get('@saleItemPrice').then($linkText => {\n  var saleItemsPriceTotal = 0;\n  var saleItemPrice = $linkText.split('$');\n  var i;\n  for (i = 0; i < saleItemPrice.length; i++) {\n    cy.log(saleItemPrice[i]);\n    saleItemsPriceTotal += Number(saleItemPrice[i]);\n  }\n  itemsTotal += saleItemsPriceTotal;\n  cy.log(\"Sale price items total: \" + saleItemsPriceTotal);\n}).then(() => {\n  cy.log(\"The total price of all products: \" + itemsTotal);\n  expect(itemsTotal).to.equal(639.49);\n});",
              "err": {},
              "uuid": "9595e32a-715e-4eb4-8bb6-e32434c067fe",
              "parentUUID": "420ed2bc-da7d-4d3e-aad4-e86b5c0505a2",
              "isHook": false,
              "skipped": false
            }
          ],
          "suites": [],
          "passes": [
            "9595e32a-715e-4eb4-8bb6-e32434c067fe"
          ],
          "failures": [],
          "pending": [],
          "skipped": [],
          "duration": 1454,
          "root": false,
          "rootEmpty": false,
          "_timeout": 2000
        }
      ],
      "passes": [],
      "failures": [],
      "pending": [],
      "skipped": [],
      "duration": 0,
      "root": true,
      "rootEmpty": true,
      "_timeout": 2000
    },
    {
      "uuid": "a235eb2d-df86-462d-b654-714815ea2a9c",
      "title": "",
      "fullFile": "cypress/e2e/course_gianni/automation-test-store/contact-us.cy.js",
      "file": "cypress/e2e/course_gianni/automation-test-store/contact-us.cy.js",
      "beforeHooks": [],
      "afterHooks": [],
      "tests": [],
      "suites": [
        {
          "uuid": "c66fae88-34ad-44a9-9dc4-d744c2e1bbf4",
          "title": "Test Contact Us form via Automation Test Store",
          "fullFile": "",
          "file": "",
          "beforeHooks": [],
          "afterHooks": [],
          "tests": [
            {
              "title": "Should be able to submit a successful submission via contact us form",
              "fullTitle": "Test Contact Us form via Automation Test Store Should be able to submit a successful submission via contact us form",
              "timedOut": null,
              "duration": 3907,
              "state": "passed",
              "speed": "fast",
              "pass": true,
              "fail": false,
              "pending": false,
              "context": null,
              "code": "cy.visit('https://www.automationteststore.com/');\n// \ncy.get('a[href$=\"contact\"]').click().then(function (linkText) {\n  cy.log(\"Clicked on link using text: \" + linkText.text());\n});\n// cy.xpath(\"//a[contains(@href, 'contact')]\").click()\n// cy.get('a[href=\"https://automationteststore.com/index.php?rt=content/contact\"]').click()\n// cy.get('.info_links_footer > :nth-child(5) > a').click()\ncy.get('@user').then(user => {\n  cy.get('#ContactUsFrm_first_name').type(user.first_name);\n  cy.get('#ContactUsFrm_email').type(user.email);\n});\ncy.get('#ContactUsFrm_email').should('have.attr', 'name', 'email');\ncy.get('#ContactUsFrm_enquiry').type(\"Lorem ipsom ... \");\ncy.get('button[title=\"Submit\"]').click();\n// cy.get('.col-md-6 > .btn').click()\ncy.get('.mb40 > :nth-child(3)').should('have.text', 'Your enquiry has been successfully sent to the store owner!');\nconsole.log('Test has completed!');\ncy.log('Test has completed!');",
              "err": {},
              "uuid": "0e89f940-62e1-41a7-951e-21849a13cad2",
              "parentUUID": "c66fae88-34ad-44a9-9dc4-d744c2e1bbf4",
              "isHook": false,
              "skipped": false
            }
          ],
          "suites": [],
          "passes": [
            "0e89f940-62e1-41a7-951e-21849a13cad2"
          ],
          "failures": [],
          "pending": [],
          "skipped": [],
          "duration": 3907,
          "root": false,
          "rootEmpty": false,
          "_timeout": 2000
        }
      ],
      "passes": [],
      "failures": [],
      "pending": [],
      "skipped": [],
      "duration": 0,
      "root": true,
      "rootEmpty": true,
      "_timeout": 2000
    },
    {
      "uuid": "3f7e791d-c679-4654-998b-022e3a12cb38",
      "title": "",
      "fullFile": "cypress/e2e/course_gianni/automation-test-store/inspect-item.cy.js",
      "file": "cypress/e2e/course_gianni/automation-test-store/inspect-item.cy.js",
      "beforeHooks": [],
      "afterHooks": [],
      "tests": [],
      "suites": [
        {
          "uuid": "b1cf20dd-7b86-4a2e-ac23-39739c5f6efe",
          "title": "Inspect Automation Test Store items using chain of commands",
          "fullFile": "",
          "file": "",
          "beforeHooks": [],
          "afterHooks": [],
          "tests": [
            {
              "title": "Click on the first item using item header",
              "fullTitle": "Inspect Automation Test Store items using chain of commands Click on the first item using item header",
              "timedOut": null,
              "duration": 2270,
              "state": "passed",
              "speed": "fast",
              "pass": true,
              "fail": false,
              "pending": false,
              "context": null,
              "code": "cy.visit('https://www.automationteststore.com/');\ncy.get('#block_frame_featured_1769 > .thumbnails > :nth-child(1) > .fixed_wrapper > .fixed > .prdocutname').click();",
              "err": {},
              "uuid": "8f2213a8-552a-48be-a651-56d9e6178a11",
              "parentUUID": "b1cf20dd-7b86-4a2e-ac23-39739c5f6efe",
              "isHook": false,
              "skipped": false
            },
            {
              "title": "Click on the first item using item text",
              "fullTitle": "Inspect Automation Test Store items using chain of commands Click on the first item using item text",
              "timedOut": null,
              "duration": 2084,
              "state": "passed",
              "speed": "fast",
              "pass": true,
              "fail": false,
              "pending": false,
              "context": null,
              "code": "cy.visit('https://www.automationteststore.com/');\ncy.get('.prdocutname').contains('Skinsheen Bronzer Stick').click().then(function (itemHeaderText) {\n  console.log(\"Selected the following item: \" + itemHeaderText.text());\n});",
              "err": {},
              "uuid": "118d9566-f772-42b7-990e-5396baf6eceb",
              "parentUUID": "b1cf20dd-7b86-4a2e-ac23-39739c5f6efe",
              "isHook": false,
              "skipped": false
            },
            {
              "title": "Click on the first item using item index",
              "fullTitle": "Inspect Automation Test Store items using chain of commands Click on the first item using item index",
              "timedOut": null,
              "duration": 2011,
              "state": "passed",
              "speed": "fast",
              "pass": true,
              "fail": false,
              "pending": false,
              "context": null,
              "code": "cy.visit('https://www.automationteststore.com/');\ncy.get('.fixed_wrapper').find('.prdocutname').eq(0).click();",
              "err": {},
              "uuid": "e7adc95d-143a-4a08-9d46-14dd6677d397",
              "parentUUID": "b1cf20dd-7b86-4a2e-ac23-39739c5f6efe",
              "isHook": false,
              "skipped": false
            }
          ],
          "suites": [],
          "passes": [
            "8f2213a8-552a-48be-a651-56d9e6178a11",
            "118d9566-f772-42b7-990e-5396baf6eceb",
            "e7adc95d-143a-4a08-9d46-14dd6677d397"
          ],
          "failures": [],
          "pending": [],
          "skipped": [],
          "duration": 6365,
          "root": false,
          "rootEmpty": false,
          "_timeout": 2000
        }
      ],
      "passes": [],
      "failures": [],
      "pending": [],
      "skipped": [],
      "duration": 0,
      "root": true,
      "rootEmpty": true,
      "_timeout": 2000
    },
    {
      "uuid": "06c42a48-a9f4-4630-b3d7-ba364ca252a5",
      "title": "",
      "fullFile": "cypress/e2e/course_gianni/automation-test-store/iterate-over-elements.cy.js",
      "file": "cypress/e2e/course_gianni/automation-test-store/iterate-over-elements.cy.js",
      "beforeHooks": [],
      "afterHooks": [],
      "tests": [],
      "suites": [
        {
          "uuid": "cfd8a3e9-2cde-41df-96e1-a05f3c9df834",
          "title": "Iterate over elements",
          "fullFile": "",
          "file": "",
          "beforeHooks": [],
          "afterHooks": [],
          "tests": [
            {
              "title": "Log information of all hair care products",
              "fullTitle": "Iterate over elements Log information of all hair care products",
              "timedOut": null,
              "duration": 2644,
              "state": "passed",
              "speed": "fast",
              "pass": true,
              "fail": false,
              "pending": false,
              "context": null,
              "code": "cy.get('.fixed_wrapper .prdocutname').each(($el, index, $list) => {\n  cy.log(\"Index: \" + index + \" : \" + $el.text());\n});",
              "err": {},
              "uuid": "631e451b-dffd-4f51-8798-789629f374ef",
              "parentUUID": "cfd8a3e9-2cde-41df-96e1-a05f3c9df834",
              "isHook": false,
              "skipped": false
            },
            {
              "title": "Add specific product to basket",
              "fullTitle": "Iterate over elements Add specific product to basket",
              "timedOut": null,
              "duration": 2224,
              "state": "passed",
              "speed": "fast",
              "pass": true,
              "fail": false,
              "pending": false,
              "context": null,
              "code": "cy.selectProduct('Curls to straight Shampoo');\n// cy.get('.fixed_wrapper .prdocutname')\n//     .each(($el, index, $list) => {\n//         if ($el.text().includes('Curls to straight Shampoo')) {\n//             cy.wrap($el).click()\n//         }\n//     })",
              "err": {},
              "uuid": "d9c2653a-ed74-49e5-9995-8fb459f651d6",
              "parentUUID": "cfd8a3e9-2cde-41df-96e1-a05f3c9df834",
              "isHook": false,
              "skipped": false
            },
            {
              "title": "Add another specific product to basket",
              "fullTitle": "Iterate over elements Add another specific product to basket",
              "timedOut": null,
              "duration": 2309,
              "state": "passed",
              "speed": "fast",
              "pass": true,
              "fail": false,
              "pending": false,
              "context": null,
              "code": "cy.selectProduct('Seaweed Conditioner');",
              "err": {},
              "uuid": "fd03c437-ed26-4204-80fa-d89be336ac67",
              "parentUUID": "cfd8a3e9-2cde-41df-96e1-a05f3c9df834",
              "isHook": false,
              "skipped": false
            },
            {
              "title": "Add one more specific product to basket",
              "fullTitle": "Iterate over elements Add one more specific product to basket",
              "timedOut": null,
              "duration": 5229,
              "state": "passed",
              "speed": "medium",
              "pass": true,
              "fail": false,
              "pending": false,
              "context": null,
              "code": "cy.selectProduct('Eau Parfumee au The Vert Shampoo');",
              "err": {},
              "uuid": "db9275e9-78b8-4915-b5af-2ed80a658cde",
              "parentUUID": "cfd8a3e9-2cde-41df-96e1-a05f3c9df834",
              "isHook": false,
              "skipped": false
            }
          ],
          "suites": [],
          "passes": [
            "631e451b-dffd-4f51-8798-789629f374ef",
            "d9c2653a-ed74-49e5-9995-8fb459f651d6",
            "fd03c437-ed26-4204-80fa-d89be336ac67",
            "db9275e9-78b8-4915-b5af-2ed80a658cde"
          ],
          "failures": [],
          "pending": [],
          "skipped": [],
          "duration": 12406,
          "root": false,
          "rootEmpty": false,
          "_timeout": 2000
        }
      ],
      "passes": [],
      "failures": [],
      "pending": [],
      "skipped": [],
      "duration": 0,
      "root": true,
      "rootEmpty": true,
      "_timeout": 2000
    },
    {
      "uuid": "670ce17a-4831-4a1d-b9f3-8e106a9233c4",
      "title": "",
      "fullFile": "cypress/e2e/course_gianni/automation-test-store/variables-and-cy-commands.cy.js",
      "file": "cypress/e2e/course_gianni/automation-test-store/variables-and-cy-commands.cy.js",
      "beforeHooks": [],
      "afterHooks": [],
      "tests": [],
      "suites": [
        {
          "uuid": "7396727d-7615-462b-be43-21ca68dcfb9c",
          "title": "Verifying variables, cypress commands and jquery commands",
          "fullFile": "",
          "file": "",
          "beforeHooks": [],
          "afterHooks": [],
          "tests": [
            {
              "title": "Navigating to specific product pages",
              "fullTitle": "Verifying variables, cypress commands and jquery commands Navigating to specific product pages",
              "timedOut": null,
              "duration": 2625,
              "state": "passed",
              "speed": "fast",
              "pass": true,
              "fail": false,
              "pending": false,
              "context": null,
              "code": "cy.visit('https://www.automationteststore.com/');\n/*    //The following will fail\n    const makeupLink = cy.get('a[href*=\"product/category&path=\"]').contains('Makeup')\n    const skincareLink = cy.get('a[href*=\"product/category&path=\"]').contains('Skincare')\n    makeupLink.click()\n    skincareLink.click()\n    \n    //The following will pass. BUT Both not recommended in cypress\n    const makeupLink = cy.get('a[href*=\"product/category&path=\"]').contains('Makeup')\n    makeupLink.click()\n    const skincareLink = cy.get('a[href*=\"product/category&path=\"]').contains('Skincare')\n    skincareLink.click()  */\n//Recommended Approach\ncy.get('a[href*=\"product/category&path=\"]').contains('Makeup').click();\ncy.get('a[href*=\"product/category&path=\"]').contains('Skincare').click();",
              "err": {},
              "uuid": "ca9bc515-de56-4002-bc13-394db661efa1",
              "parentUUID": "7396727d-7615-462b-be43-21ca68dcfb9c",
              "isHook": false,
              "skipped": false
            },
            {
              "title": "Navigating to specific product pages",
              "fullTitle": "Verifying variables, cypress commands and jquery commands Navigating to specific product pages",
              "timedOut": null,
              "duration": 1803,
              "state": "passed",
              "speed": "fast",
              "pass": true,
              "fail": false,
              "pending": false,
              "context": null,
              "code": "cy.visit('https://www.automationteststore.com/');\ncy.get('a[href*=\"product/category&path=\"]').contains('Makeup').click();\n/*    //The following will fail w/TypeError: 'header.text is not a function'\n    const header = cy.get('h1 .maintext')\n    cy.log(header.text()) */\ncy.get('h1 .maintext').then($headerText => {\n  const headerText = $headerText.text();\n  cy.log(\"Found header text: \" + headerText);\n  expect(headerText).is.eq('Makeup');\n});",
              "err": {},
              "uuid": "12b59902-94fe-4fb6-830c-97c830f3c2c6",
              "parentUUID": "7396727d-7615-462b-be43-21ca68dcfb9c",
              "isHook": false,
              "skipped": false
            },
            {
              "title": "Validate properties of the Contact Us page",
              "fullTitle": "Verifying variables, cypress commands and jquery commands Validate properties of the Contact Us page",
              "timedOut": null,
              "duration": 251,
              "state": "passed",
              "speed": "fast",
              "pass": true,
              "fail": false,
              "pending": false,
              "context": null,
              "code": "cy.visit('https://automationteststore.com/index.php?rt=content/contact');\n//Uses cypress commands and chaining\ncy.contains('#ContactUsFrm', 'Contact Us Form').find('#field_11').should('contain', 'First name:');\n//JQuery Approach\ncy.contains('#ContactUsFrm', 'Contact Us Form').then(text => {\n  const firstNameText = text.find('#field_11').text();\n  expect(firstNameText).to.contain('First name:');\n  //Embedded commands (Closure)\n  cy.get('#field_11').then(fnText => {\n    cy.log(fnText.text());\n    cy.log(fnText);\n  });\n});",
              "err": {},
              "uuid": "3c0a7a0f-9f39-4fbd-a650-d0bcab7a2213",
              "parentUUID": "7396727d-7615-462b-be43-21ca68dcfb9c",
              "isHook": false,
              "skipped": false
            }
          ],
          "suites": [],
          "passes": [
            "ca9bc515-de56-4002-bc13-394db661efa1",
            "12b59902-94fe-4fb6-830c-97c830f3c2c6",
            "3c0a7a0f-9f39-4fbd-a650-d0bcab7a2213"
          ],
          "failures": [],
          "pending": [],
          "skipped": [],
          "duration": 4679,
          "root": false,
          "rootEmpty": false,
          "_timeout": 2000
        }
      ],
      "passes": [],
      "failures": [],
      "pending": [],
      "skipped": [],
      "duration": 0,
      "root": true,
      "rootEmpty": true,
      "_timeout": 2000
    },
    {
      "uuid": "d38080c4-935f-4980-a49a-d06e3e02c6e4",
      "title": "",
      "fullFile": "cypress/e2e/course_gianni/webdriver-uni/autocomplete-dropdown-list.cy.js",
      "file": "cypress/e2e/course_gianni/webdriver-uni/autocomplete-dropdown-list.cy.js",
      "beforeHooks": [],
      "afterHooks": [],
      "tests": [],
      "suites": [
        {
          "uuid": "5cabc723-0f08-4ed7-ae6a-3cb3027d0c78",
          "title": "Verify Autocomplete dropdown lists via webdriveruni",
          "fullFile": "",
          "file": "",
          "beforeHooks": [],
          "afterHooks": [],
          "tests": [
            {
              "title": "Select specific product via autocomplete dropdown list",
              "fullTitle": "Verify Autocomplete dropdown lists via webdriveruni Select specific product via autocomplete dropdown list",
              "timedOut": null,
              "duration": 1764,
              "state": "passed",
              "speed": "fast",
              "pass": true,
              "fail": false,
              "pending": false,
              "context": null,
              "code": "cy.visit('http://www.webdriveruniversity.com');\ncy.get('#autocomplete-textfield').invoke('removeAttr', 'target').click({\n  force: true\n});\ncy.get('#myInput').type('A');\ncy.get('#myInputautocomplete-list > *').each(($el, index, $list) => {\n  const prod = $el.text();\n  const productToSelect = 'Avacado';\n  if (prod === productToSelect) {\n    //$el.click() - deprecated\n    $el.trigger(\"click\");\n    cy.get('#submit-button').click();\n    cy.url().should('include', productToSelect);\n  }\n}).then(() => {\n  cy.get('#myInput').type('g');\n  cy.get('#myInputautocomplete-list > *').each(($el, index, $list) => {\n    const prod = $el.text();\n    const productToSelect = 'Grapes';\n    if (prod === productToSelect) {\n      //$el.click() - deprecated\n      $el.trigger(\"click\");\n      cy.get('#submit-button').click();\n      cy.url().should('include', productToSelect);\n    }\n  });\n});",
              "err": {},
              "uuid": "22de44df-9749-487b-890c-e694ccfabd78",
              "parentUUID": "5cabc723-0f08-4ed7-ae6a-3cb3027d0c78",
              "isHook": false,
              "skipped": false
            }
          ],
          "suites": [],
          "passes": [
            "22de44df-9749-487b-890c-e694ccfabd78"
          ],
          "failures": [],
          "pending": [],
          "skipped": [],
          "duration": 1764,
          "root": false,
          "rootEmpty": false,
          "_timeout": 2000
        }
      ],
      "passes": [],
      "failures": [],
      "pending": [],
      "skipped": [],
      "duration": 0,
      "root": true,
      "rootEmpty": true,
      "_timeout": 2000
    },
    {
      "uuid": "352fbf4e-2a28-40a1-97a5-35fee2d2515e",
      "title": "",
      "fullFile": "cypress/e2e/course_gianni/webdriver-uni/browser-navigation.cy.js",
      "file": "cypress/e2e/course_gianni/webdriver-uni/browser-navigation.cy.js",
      "beforeHooks": [],
      "afterHooks": [],
      "tests": [],
      "suites": [
        {
          "uuid": "388ceee9-5df1-42d4-8bf9-39b41d578397",
          "title": "Validate webdriveruni homepage links",
          "fullFile": "",
          "file": "",
          "beforeHooks": [],
          "afterHooks": [],
          "tests": [
            {
              "title": "Confirm links redirected to the correct pages",
              "fullTitle": "Validate webdriveruni homepage links Confirm links redirected to the correct pages",
              "timedOut": null,
              "duration": 2104,
              "state": "passed",
              "speed": "fast",
              "pass": true,
              "fail": false,
              "pending": false,
              "context": null,
              "code": "cy.visit('http://www.webdriveruniversity.com');\ncy.get('#contact-us').invoke('removeAttr', 'target').click({\n  force: true\n});\ncy.url().should('include', 'contactus');\ncy.go('back');\ncy.reload();\ncy.url().should('include', 'http://www.webdriveruniversity.com');\n// cy.reload(frue) //reload without useng cache\ncy.go('forward');\ncy.url().should('include', 'contactus');\ncy.go('back');\ncy.get('#login-portal').invoke('removeAttr', 'target').click({\n  force: true\n});\ncy.url().should('include', 'Login-Portal');\ncy.go('back');\ncy.get('#to-do-list').invoke('removeAttr', 'target').click({\n  force: true\n});\ncy.url().should('include', 'To-Do-List');\ncy.go('back');",
              "err": {},
              "uuid": "0e7890f5-8700-409c-ae97-e6755cbe38d9",
              "parentUUID": "388ceee9-5df1-42d4-8bf9-39b41d578397",
              "isHook": false,
              "skipped": false
            }
          ],
          "suites": [],
          "passes": [
            "0e7890f5-8700-409c-ae97-e6755cbe38d9"
          ],
          "failures": [],
          "pending": [],
          "skipped": [],
          "duration": 2104,
          "root": false,
          "rootEmpty": false,
          "_timeout": 2000
        }
      ],
      "passes": [],
      "failures": [],
      "pending": [],
      "skipped": [],
      "duration": 0,
      "root": true,
      "rootEmpty": true,
      "_timeout": 2000
    },
    {
      "uuid": "89272893-6b1e-4674-852e-cac07155f163",
      "title": "",
      "fullFile": "cypress/e2e/course_gianni/webdriver-uni/checkboxes.cy.js",
      "file": "cypress/e2e/course_gianni/webdriver-uni/checkboxes.cy.js",
      "beforeHooks": [],
      "afterHooks": [],
      "tests": [],
      "suites": [
        {
          "uuid": "f96b43a8-3686-4007-9296-715040aea2a4",
          "title": "Verify checkboxes via webdriveruni",
          "fullFile": "",
          "file": "",
          "beforeHooks": [],
          "afterHooks": [],
          "tests": [
            {
              "title": "Check and validate checkbox",
              "fullTitle": "Verify checkboxes via webdriveruni Check and validate checkbox",
              "timedOut": null,
              "duration": 554,
              "state": "passed",
              "speed": "fast",
              "pass": true,
              "fail": false,
              "pending": false,
              "context": null,
              "code": "//cy.get('#checkboxes > :nth-child(1) > input').check()\n//cy.get('#checkboxes > :nth-child(1) > input').check().should('be.checked')\ncy.get('#checkboxes > :nth-child(1) > input').as('option-1');\n//cy.get('@option-1').check()\ncy.get('@option-1').check().should('be.checked');",
              "err": {},
              "uuid": "efec809b-d521-44a5-b4f6-561f5378a154",
              "parentUUID": "f96b43a8-3686-4007-9296-715040aea2a4",
              "isHook": false,
              "skipped": false
            },
            {
              "title": "Uncheck and validate checkbox",
              "fullTitle": "Verify checkboxes via webdriveruni Uncheck and validate checkbox",
              "timedOut": null,
              "duration": 182,
              "state": "passed",
              "speed": "fast",
              "pass": true,
              "fail": false,
              "pending": false,
              "context": null,
              "code": "cy.get('#checkboxes > :nth-child(5) > input').as('option-3');\ncy.get('@option-3').uncheck().should('not.be.checked');",
              "err": {},
              "uuid": "f3f3c02f-3d2a-4c80-b89f-61e62ad6605b",
              "parentUUID": "f96b43a8-3686-4007-9296-715040aea2a4",
              "isHook": false,
              "skipped": false
            },
            {
              "title": "Check multiple checkboxes",
              "fullTitle": "Verify checkboxes via webdriveruni Check multiple checkboxes",
              "timedOut": null,
              "duration": 331,
              "state": "passed",
              "speed": "fast",
              "pass": true,
              "fail": false,
              "pending": false,
              "context": null,
              "code": "cy.get('input[type=\"checkbox\"]').check(['option-1', 'option-2', 'option-3', 'option-4']).should('be.checked');",
              "err": {},
              "uuid": "106694b9-445b-493e-b38c-c7044fa5f1c8",
              "parentUUID": "f96b43a8-3686-4007-9296-715040aea2a4",
              "isHook": false,
              "skipped": false
            }
          ],
          "suites": [],
          "passes": [
            "efec809b-d521-44a5-b4f6-561f5378a154",
            "f3f3c02f-3d2a-4c80-b89f-61e62ad6605b",
            "106694b9-445b-493e-b38c-c7044fa5f1c8"
          ],
          "failures": [],
          "pending": [],
          "skipped": [],
          "duration": 1067,
          "root": false,
          "rootEmpty": false,
          "_timeout": 2000
        }
      ],
      "passes": [],
      "failures": [],
      "pending": [],
      "skipped": [],
      "duration": 0,
      "root": true,
      "rootEmpty": true,
      "_timeout": 2000
    },
    {
      "uuid": "bc281c3d-bbc7-4e9d-aef5-fa7fb3e99c8c",
      "title": "",
      "fullFile": "cypress/e2e/course_gianni/webdriver-uni/contact-us.cy.js",
      "file": "cypress/e2e/course_gianni/webdriver-uni/contact-us.cy.js",
      "beforeHooks": [],
      "afterHooks": [],
      "tests": [],
      "suites": [
        {
          "uuid": "93b7da8d-683f-4e04-9ecb-ca518b32bcc2",
          "title": "Test Contact Us form via WebdriverUni",
          "fullFile": "",
          "file": "",
          "beforeHooks": [],
          "afterHooks": [],
          "tests": [
            {
              "title": "Should be able to submit a successful submission via contact us form",
              "fullTitle": "Test Contact Us form via WebdriverUni Should be able to submit a successful submission via contact us form",
              "timedOut": null,
              "duration": 3000,
              "state": "passed",
              "speed": "fast",
              "pass": true,
              "fail": false,
              "pending": false,
              "context": null,
              "code": "cy.document().should('have.property', 'charset').and('eq', 'UTF-8');\ncy.title().should('include', 'WebDriver | Contact Us');\ncy.url().should('include', 'contactus');\n//cy.get('#contact-us').click({force: true})\n// cy.get('[name=\"first_name\"]').type(data.first_name)\n// cy.get('[name=\"last_name\"]').type(data.last_name)\n// cy.get('[name=\"email\"]').type(data.email)\n// cy.get('textarea.feedback-input').type('Lorem ipsom ... ')\n// cy.get('[type=\"submit\"]').click()\n// cy.get('h1').should('have.text', 'Thank You for your Message!')\n// cy.webdriveruni_ContactForm_Submission(data.first_name, data.last_name, data.email, 'Lorem ipsom ... ', 'h1', 'Thank You for your Message!')\n// Use GLOBAL variables\n/* cy.webdriveruni_ContactForm_Submission(Cypress.env(\"first_name\"), data.last_name, data.email, 'Lorem ipsom ... ', 'h1', 'Thank You for your Message!')\n===>>> */\ncontact_Us_PO.contactForm_Submission(Cypress.env(\"first_name\"), data.last_name, data.email, 'Lorem ipsom ... ', 'h1', 'Thank You for your Message!');",
              "err": {},
              "uuid": "4e292551-2876-4e88-8ca7-a15c40feb83c",
              "parentUUID": "93b7da8d-683f-4e04-9ecb-ca518b32bcc2",
              "isHook": false,
              "skipped": false
            },
            {
              "title": "Should not be able to submit a successful submission via contact us form as all fields are required",
              "fullTitle": "Test Contact Us form via WebdriverUni Should not be able to submit a successful submission via contact us form as all fields are required",
              "timedOut": null,
              "duration": 2061,
              "state": "passed",
              "speed": "fast",
              "pass": true,
              "fail": false,
              "pending": false,
              "context": null,
              "code": "// cy.get('[name=\"first_name\"]').type(data.first_name)\n// cy.get('[name=\"last_name\"]').type(data.last_name)\n// cy.get('textarea.feedback-input').type('Lorem ipsom ... ')\n// cy.get('[type=\"submit\"]').click()\n// cy.get('body').contains('Error: all fields are required')\n/* cy.webdriveruni_ContactForm_Submission(data.first_name, data.last_name, \" \",\n    'Lorem ipsom ... ', 'body', 'Error: Invalid email address')  ===>>> */\ncontact_Us_PO.contactForm_Submission(data.first_name, data.last_name, \" \", 'Lorem ipsom ... ', 'body', 'Error: Invalid email address');",
              "err": {},
              "uuid": "24cf9d9b-4c5c-4f4a-9e6f-d9d494861173",
              "parentUUID": "93b7da8d-683f-4e04-9ecb-ca518b32bcc2",
              "isHook": false,
              "skipped": false
            }
          ],
          "suites": [],
          "passes": [
            "4e292551-2876-4e88-8ca7-a15c40feb83c",
            "24cf9d9b-4c5c-4f4a-9e6f-d9d494861173"
          ],
          "failures": [],
          "pending": [],
          "skipped": [],
          "duration": 5061,
          "root": false,
          "rootEmpty": false,
          "_timeout": 2000
        }
      ],
      "passes": [],
      "failures": [],
      "pending": [],
      "skipped": [],
      "duration": 0,
      "root": true,
      "rootEmpty": true,
      "_timeout": 2000
    },
    {
      "uuid": "2958dbcb-1008-4f2f-9e30-8564b02e308d",
      "title": "",
      "fullFile": "cypress/e2e/course_gianni/webdriver-uni/data-tables.cy.js",
      "file": "cypress/e2e/course_gianni/webdriver-uni/data-tables.cy.js",
      "beforeHooks": [],
      "afterHooks": [],
      "tests": [],
      "suites": [
        {
          "uuid": "caa167c2-952f-4a4e-a567-ed4bd9ed57d4",
          "title": "Handling datavia webdriveruni",
          "fullFile": "",
          "file": "",
          "beforeHooks": [],
          "afterHooks": [],
          "tests": [
            {
              "title": "Calculate and assert the tatal age of all users",
              "fullTitle": "Handling datavia webdriveruni Calculate and assert the tatal age of all users",
              "timedOut": null,
              "duration": 962,
              "state": "passed",
              "speed": "fast",
              "pass": true,
              "fail": false,
              "pending": false,
              "context": null,
              "code": "var userDetails = [];\nlet numb = 0;\ncy.get('#thumbnail-1 td').each(($el, index, $list) => {\n  userDetails[index] = $el.text();\n}).then(() => {\n  var i;\n  for (i = 1; i < userDetails.length; i++) {\n    if (Number(userDetails[i])) {\n      numb += Number(userDetails[i]);\n    }\n    // cy.log(userDetails[i])\n  }\n  cy.log(\"Found total age: \" + numb);\n  expect(numb).to.eq(322);\n});",
              "err": {},
              "uuid": "fa94ccd7-810b-4289-b100-260e3742bf3a",
              "parentUUID": "caa167c2-952f-4a4e-a567-ed4bd9ed57d4",
              "isHook": false,
              "skipped": false
            },
            {
              "title": "Calculate and assert the age of a given user based on last name",
              "fullTitle": "Handling datavia webdriveruni Calculate and assert the age of a given user based on last name",
              "timedOut": null,
              "duration": 237,
              "state": "passed",
              "speed": "fast",
              "pass": true,
              "fail": false,
              "pending": false,
              "context": null,
              "code": "cy.get('#thumbnail-1 tr td:nth-child(2)').each(($el, index, $list) => {\n  const text = $el.text();\n  if (text.includes(\"Woods\")) {\n    cy.get('#thumbnail-1 tr td:nth-child(2)').eq(index).next().then(function (age) {\n      const userAge = age.text();\n      expect(userAge).to.eq(\"80\");\n    });\n  }\n});",
              "err": {},
              "uuid": "4a0d828c-6c2a-435a-9c70-a0e690325190",
              "parentUUID": "caa167c2-952f-4a4e-a567-ed4bd9ed57d4",
              "isHook": false,
              "skipped": false
            }
          ],
          "suites": [],
          "passes": [
            "fa94ccd7-810b-4289-b100-260e3742bf3a",
            "4a0d828c-6c2a-435a-9c70-a0e690325190"
          ],
          "failures": [],
          "pending": [],
          "skipped": [],
          "duration": 1199,
          "root": false,
          "rootEmpty": false,
          "_timeout": 2000
        }
      ],
      "passes": [],
      "failures": [],
      "pending": [],
      "skipped": [],
      "duration": 0,
      "root": true,
      "rootEmpty": true,
      "_timeout": 2000
    },
    {
      "uuid": "585e17f1-e2fb-47ab-8827-e9a9626a76fc",
      "title": "",
      "fullFile": "cypress/e2e/course_gianni/webdriver-uni/datepicker.cy.js",
      "file": "cypress/e2e/course_gianni/webdriver-uni/datepicker.cy.js",
      "beforeHooks": [],
      "afterHooks": [],
      "tests": [],
      "suites": [
        {
          "uuid": "fa400014-a10a-4725-9b77-ed6747399ec9",
          "title": "Test Datepicker via webdriveruni",
          "fullFile": "",
          "file": "",
          "beforeHooks": [],
          "afterHooks": [],
          "tests": [
            {
              "title": "Select date from the datepicker",
              "fullTitle": "Test Datepicker via webdriveruni Select date from the datepicker",
              "timedOut": null,
              "duration": 1704,
              "state": "passed",
              "speed": "fast",
              "pass": true,
              "fail": false,
              "pending": false,
              "context": null,
              "code": "cy.get('#datepicker').click();\n// let date = new Date()\n// date.setDate(date.getDate()) \n// cy.log(date.getDate()) //get current day i.e. 25\n// let date2 = new Date()\n// date2.setDate(date.getDate() + 5)\n// cy.log(date2.getDate()) //get current day i.e. 25 + 5 = 30\nvar date = new Date();\ndate.setDate(date.getDate() + 300);\nvar futureYear = date.getFullYear();\nvar futureMonth = date.toLocaleString(\"default\", {\n  month: \"long\"\n});\nvar futureDay = date.getDate();\ncy.log(\"Future year to select: \" + futureYear);\ncy.log(\"Future month to select: \" + futureMonth);\ncy.log(\"Future day to select: \" + futureDay);\nfunction selectMonthAndYear() {\n  cy.get('.datepicker-dropdown').find('.datepicker-switch').first().then(currentDate => {\n    if (!currentDate.text().includes(futureYear)) {\n      cy.get('.next').first().click();\n      selectMonthAndYear();\n    }\n  }).then(() => {\n    cy.get('.datepicker-dropdown').find('.datepicker-switch').first().then(currentDate => {\n      if (!currentDate.text().includes(futureMonth)) {\n        cy.get('.next').first().click();\n        selectMonthAndYear();\n      }\n    });\n  });\n}\nfunction selectFutureDay() {\n  cy.get('[class=\"day\"]').contains(futureDay).click();\n}\nselectMonthAndYear();\nselectFutureDay();",
              "err": {},
              "uuid": "43add736-4296-4c32-bd3e-180e4ea58491",
              "parentUUID": "fa400014-a10a-4725-9b77-ed6747399ec9",
              "isHook": false,
              "skipped": false
            }
          ],
          "suites": [],
          "passes": [
            "43add736-4296-4c32-bd3e-180e4ea58491"
          ],
          "failures": [],
          "pending": [],
          "skipped": [],
          "duration": 1704,
          "root": false,
          "rootEmpty": false,
          "_timeout": 2000
        }
      ],
      "passes": [],
      "failures": [],
      "pending": [],
      "skipped": [],
      "duration": 0,
      "root": true,
      "rootEmpty": true,
      "_timeout": 2000
    },
    {
      "uuid": "3e37f140-b6fc-4716-8515-be0d1b6a0281",
      "title": "",
      "fullFile": "cypress/e2e/course_gianni/webdriver-uni/file-upload.cy.js",
      "file": "cypress/e2e/course_gianni/webdriver-uni/file-upload.cy.js",
      "beforeHooks": [],
      "afterHooks": [],
      "tests": [],
      "suites": [
        {
          "uuid": "ed8ba6f2-acf2-4d97-810e-8591574ee454",
          "title": "Test File Upload via webdriveruni",
          "fullFile": "",
          "file": "",
          "beforeHooks": [],
          "afterHooks": [],
          "tests": [
            {
              "title": "Upload a file ...",
              "fullTitle": "Test File Upload via webdriveruni Upload a file ...",
              "timedOut": null,
              "duration": 706,
              "state": "passed",
              "speed": "fast",
              "pass": true,
              "fail": false,
              "pending": false,
              "context": null,
              "code": "cy.get('#myFile').selectFile(\"cypress/fixtures/Case1.png\");\ncy.get('#submit-button');",
              "err": {},
              "uuid": "6dd044c5-26bb-4dc3-a434-2ea9eb2c0b7d",
              "parentUUID": "ed8ba6f2-acf2-4d97-810e-8591574ee454",
              "isHook": false,
              "skipped": false
            },
            {
              "title": "Upload No file ...",
              "fullTitle": "Test File Upload via webdriveruni Upload No file ...",
              "timedOut": null,
              "duration": 188,
              "state": "passed",
              "speed": "fast",
              "pass": true,
              "fail": false,
              "pending": false,
              "context": null,
              "code": "cy.get('#submit-button');",
              "err": {},
              "uuid": "2d97e828-3fba-49a1-857f-e744eb65c714",
              "parentUUID": "ed8ba6f2-acf2-4d97-810e-8591574ee454",
              "isHook": false,
              "skipped": false
            }
          ],
          "suites": [],
          "passes": [
            "6dd044c5-26bb-4dc3-a434-2ea9eb2c0b7d",
            "2d97e828-3fba-49a1-857f-e744eb65c714"
          ],
          "failures": [],
          "pending": [],
          "skipped": [],
          "duration": 894,
          "root": false,
          "rootEmpty": false,
          "_timeout": 2000
        }
      ],
      "passes": [],
      "failures": [],
      "pending": [],
      "skipped": [],
      "duration": 0,
      "root": true,
      "rootEmpty": true,
      "_timeout": 2000
    },
    {
      "uuid": "2a1fc711-243f-48ff-b347-4ffd42ff2817",
      "title": "",
      "fullFile": "cypress/e2e/course_gianni/webdriver-uni/iframe.cy.js",
      "file": "cypress/e2e/course_gianni/webdriver-uni/iframe.cy.js",
      "beforeHooks": [],
      "afterHooks": [],
      "tests": [],
      "suites": [
        {
          "uuid": "58c8ba6e-984e-41e1-bcc6-84cd08ef1690",
          "title": "Handling IFrame & Modals",
          "fullFile": "",
          "file": "",
          "beforeHooks": [],
          "afterHooks": [],
          "tests": [
            {
              "title": "Handle webdriveruni iframe and modal",
              "fullTitle": "Handling IFrame & Modals Handle webdriveruni iframe and modal",
              "timedOut": null,
              "duration": 1331,
              "state": "passed",
              "speed": "fast",
              "pass": true,
              "fail": false,
              "pending": false,
              "context": null,
              "code": "cy.visit('/');\ncy.get('#iframe').invoke('removeAttr', 'target').click({\n  force: true\n});\ncy.get('#frame').then($ifame => {\n  const body = $ifame.contents().find('body');\n  cy.wrap(body).as('iframe');\n});\ncy.get('@iframe').find('#button-find-out-more').click();\ncy.get('@iframe').find('#myModal').as('modal');\ncy.get('@modal').should($expectedText => {\n  const text = $expectedText.text();\n  expect(text).to.include('Welcome to webdriveruniversity.com we sell a wide range of electrical goods such as laptops, game consoles, cameras...');\n});\ncy.get('@modal').contains('Close').click();",
              "err": {},
              "uuid": "93048927-c3e0-4f4e-9fbe-c24038cf22ba",
              "parentUUID": "58c8ba6e-984e-41e1-bcc6-84cd08ef1690",
              "isHook": false,
              "skipped": false
            }
          ],
          "suites": [],
          "passes": [
            "93048927-c3e0-4f4e-9fbe-c24038cf22ba"
          ],
          "failures": [],
          "pending": [],
          "skipped": [],
          "duration": 1331,
          "root": false,
          "rootEmpty": false,
          "_timeout": 2000
        }
      ],
      "passes": [],
      "failures": [],
      "pending": [],
      "skipped": [],
      "duration": 0,
      "root": true,
      "rootEmpty": true,
      "_timeout": 2000
    },
    {
      "uuid": "cb23ced4-42d5-4da9-80ce-f0c64fb66f17",
      "title": "",
      "fullFile": "cypress/e2e/course_gianni/webdriver-uni/js-alerts.cy.js",
      "file": "cypress/e2e/course_gianni/webdriver-uni/js-alerts.cy.js",
      "beforeHooks": [],
      "afterHooks": [],
      "tests": [],
      "suites": [
        {
          "uuid": "cb5f84eb-9de8-4008-80cc-e1ba19172b8c",
          "title": "Handle js alerts",
          "fullFile": "",
          "file": "",
          "beforeHooks": [],
          "afterHooks": [],
          "tests": [
            {
              "title": "Validate js confirm alerts box using a stub",
              "fullTitle": "Handle js alerts Validate js confirm alerts box using a stub",
              "timedOut": null,
              "duration": 772,
              "state": "passed",
              "speed": "fast",
              "pass": true,
              "fail": false,
              "pending": false,
              "context": null,
              "code": "cy.visit('http://www.webdriveruniversity.com');\ncy.get('#popup-alerts').invoke('removeAttr', 'target').click({\n  force: true\n});\n/* https://docs.cypress.io/api/commands/stub#Syntax */\nconst stub = cy.stub();\ncy.on('window:confirm', stub);\ncy.get('#button4').click().then(() => {\n  expect(stub.getCall(0)).to.be.calledWith('Press a button!');\n}).then(() => {\n  return true;\n}).then(() => {\n  cy.get('#confirm-alert-text').contains('You pressed OK!');\n});",
              "err": {},
              "uuid": "deaf6eb4-258d-4ee2-86ec-2634938d73ba",
              "parentUUID": "cb5f84eb-9de8-4008-80cc-e1ba19172b8c",
              "isHook": false,
              "skipped": false
            }
          ],
          "suites": [],
          "passes": [
            "deaf6eb4-258d-4ee2-86ec-2634938d73ba"
          ],
          "failures": [],
          "pending": [],
          "skipped": [],
          "duration": 772,
          "root": false,
          "rootEmpty": false,
          "_timeout": 2000
        }
      ],
      "passes": [],
      "failures": [],
      "pending": [],
      "skipped": [],
      "duration": 0,
      "root": true,
      "rootEmpty": true,
      "_timeout": 2000
    },
    {
      "uuid": "166b67c8-c54d-484c-a31b-9dad688001ee",
      "title": "",
      "fullFile": "cypress/e2e/course_gianni/webdriver-uni/mouse-actions.cy.js",
      "file": "cypress/e2e/course_gianni/webdriver-uni/mouse-actions.cy.js",
      "beforeHooks": [],
      "afterHooks": [],
      "tests": [],
      "suites": [
        {
          "uuid": "2b6c2e01-d92d-4f9b-842f-3900913376ab",
          "title": "Test mouse actions",
          "fullFile": "",
          "file": "",
          "beforeHooks": [],
          "afterHooks": [],
          "tests": [
            {
              "title": "Scroll element into view",
              "fullTitle": "Test mouse actions Scroll element into view",
              "timedOut": null,
              "duration": 683,
              "state": "passed",
              "speed": "fast",
              "pass": true,
              "fail": false,
              "pending": false,
              "context": null,
              "code": "cy.visit('http://www.webdriveruniversity.com');\ncy.get('#actions').scrollIntoView().invoke('removeAttr', 'target').click({\n  force: true\n});",
              "err": {},
              "uuid": "f81e6090-92f5-4bfc-aefc-8196edf94df9",
              "parentUUID": "2b6c2e01-d92d-4f9b-842f-3900913376ab",
              "isHook": false,
              "skipped": false
            },
            {
              "title": "I should be able to drag and drop a draggable item",
              "fullTitle": "Test mouse actions I should be able to drag and drop a draggable item",
              "timedOut": null,
              "duration": 234,
              "state": "passed",
              "speed": "fast",
              "pass": true,
              "fail": false,
              "pending": false,
              "context": null,
              "code": "cy.visit('http://www.webdriveruniversity.com');\ncy.get('#actions').scrollIntoView().invoke('removeAttr', 'target').click({\n  force: true\n});\ncy.get('#draggable').trigger('mousedown', {\n  which: 1\n});\ncy.get('#droppable').trigger('mousemove').trigger('mouseup', {\n  force: true\n});",
              "err": {},
              "uuid": "8ac35864-9e75-421c-94fa-96177fa3fec3",
              "parentUUID": "2b6c2e01-d92d-4f9b-842f-3900913376ab",
              "isHook": false,
              "skipped": false
            },
            {
              "title": "I should be able to perform a double mouse click",
              "fullTitle": "Test mouse actions I should be able to perform a double mouse click",
              "timedOut": null,
              "duration": 254,
              "state": "passed",
              "speed": "fast",
              "pass": true,
              "fail": false,
              "pending": false,
              "context": null,
              "code": "cy.visit('http://www.webdriveruniversity.com');\ncy.get('#actions').scrollIntoView().invoke('removeAttr', 'target').click({\n  force: true\n});\ncy.get('#double-click').dblclick();",
              "err": {},
              "uuid": "96ad5c59-f181-41aa-aaf3-5ff760663b5c",
              "parentUUID": "2b6c2e01-d92d-4f9b-842f-3900913376ab",
              "isHook": false,
              "skipped": false
            },
            {
              "title": "I should be able to hold down the left mouse click button on a given element",
              "fullTitle": "Test mouse actions I should be able to hold down the left mouse click button on a given element",
              "timedOut": null,
              "duration": 207,
              "state": "passed",
              "speed": "fast",
              "pass": true,
              "fail": false,
              "pending": false,
              "context": null,
              "code": "cy.visit('http://www.webdriveruniversity.com');\ncy.get('#actions').scrollIntoView().invoke('removeAttr', 'target').click({\n  force: true\n});\ncy.get('#click-box').trigger('mousedown', {\n  which: 1\n}).then($element => {\n  expect($element).to.have.css('background-color', 'rgb(0, 255, 0)');\n});",
              "err": {},
              "uuid": "edad6ce2-69df-4112-b2b0-a0fd80453226",
              "parentUUID": "2b6c2e01-d92d-4f9b-842f-3900913376ab",
              "isHook": false,
              "skipped": false
            }
          ],
          "suites": [],
          "passes": [
            "f81e6090-92f5-4bfc-aefc-8196edf94df9",
            "8ac35864-9e75-421c-94fa-96177fa3fec3",
            "96ad5c59-f181-41aa-aaf3-5ff760663b5c",
            "edad6ce2-69df-4112-b2b0-a0fd80453226"
          ],
          "failures": [],
          "pending": [],
          "skipped": [],
          "duration": 1378,
          "root": false,
          "rootEmpty": false,
          "_timeout": 2000
        }
      ],
      "passes": [],
      "failures": [],
      "pending": [],
      "skipped": [],
      "duration": 0,
      "root": true,
      "rootEmpty": true,
      "_timeout": 2000
    },
    {
      "uuid": "4d319a7c-8388-4966-b5f0-691d8979b2a3",
      "title": "",
      "fullFile": "cypress/e2e/course_gianni/webdriver-uni/radio-buttons.cy.js",
      "file": "cypress/e2e/course_gianni/webdriver-uni/radio-buttons.cy.js",
      "beforeHooks": [],
      "afterHooks": [],
      "tests": [],
      "suites": [
        {
          "uuid": "ebffdf47-72c2-4e8e-94d8-87cd3e303ed7",
          "title": "Verify radio buttons via webdriveruni",
          "fullFile": "",
          "file": "",
          "beforeHooks": [],
          "afterHooks": [],
          "tests": [
            {
              "title": "Check specific radio buttons",
              "fullTitle": "Verify radio buttons via webdriveruni Check specific radio buttons",
              "timedOut": null,
              "duration": 972,
              "state": "passed",
              "speed": "fast",
              "pass": true,
              "fail": false,
              "pending": false,
              "context": null,
              "code": "cy.get('#radio-buttons').find('input[type=\"radio\"]').first().check();\ncy.get('#radio-buttons').find('input[type=\"radio\"]').eq(1).check();",
              "err": {},
              "uuid": "ed8dbab5-547e-4b9a-a615-dafa9e610e95",
              "parentUUID": "ebffdf47-72c2-4e8e-94d8-87cd3e303ed7",
              "isHook": false,
              "skipped": false
            },
            {
              "title": "Validate the states of specific radio buttons",
              "fullTitle": "Verify radio buttons via webdriveruni Validate the states of specific radio buttons",
              "timedOut": null,
              "duration": 293,
              "state": "passed",
              "speed": "fast",
              "pass": true,
              "fail": false,
              "pending": false,
              "context": null,
              "code": "cy.get('input[value=\"lettuce\"]').should('not.be.checked');\ncy.get('input[value=\"cabbage\"]').should('be.disabled');\ncy.get('input[value=\"pumpkin\"]').should('be.checked');\ncy.get('input[value=\"lettuce\"]').check();\ncy.get('input[value=\"lettuce\"]').should('be.checked');\ncy.get('input[value=\"pumpkin\"]').should('not.be.checked');",
              "err": {},
              "uuid": "87021f74-2335-4b43-aba7-2f5693921828",
              "parentUUID": "ebffdf47-72c2-4e8e-94d8-87cd3e303ed7",
              "isHook": false,
              "skipped": false
            }
          ],
          "suites": [],
          "passes": [
            "ed8dbab5-547e-4b9a-a615-dafa9e610e95",
            "87021f74-2335-4b43-aba7-2f5693921828"
          ],
          "failures": [],
          "pending": [],
          "skipped": [],
          "duration": 1265,
          "root": false,
          "rootEmpty": false,
          "_timeout": 2000
        }
      ],
      "passes": [],
      "failures": [],
      "pending": [],
      "skipped": [],
      "duration": 0,
      "root": true,
      "rootEmpty": true,
      "_timeout": 2000
    },
    {
      "uuid": "3b3c9976-7bf3-47af-bae3-38443be211b2",
      "title": "",
      "fullFile": "cypress/e2e/course_gianni/webdriver-uni/select-dropdown-list.cy.js",
      "file": "cypress/e2e/course_gianni/webdriver-uni/select-dropdown-list.cy.js",
      "beforeHooks": [],
      "afterHooks": [],
      "tests": [],
      "suites": [
        {
          "uuid": "2f775026-365a-43ed-b1df-21c6d93925a3",
          "title": "Interact with dropdown lists via webdriveruni",
          "fullFile": "",
          "file": "",
          "beforeHooks": [],
          "afterHooks": [],
          "tests": [
            {
              "title": "Select specific values via select dropdown lists",
              "fullTitle": "Interact with dropdown lists via webdriveruni Select specific values via select dropdown lists",
              "timedOut": null,
              "duration": 1425,
              "state": "passed",
              "speed": "fast",
              "pass": true,
              "fail": false,
              "pending": false,
              "context": null,
              "code": "cy.visit('http://www.webdriveruniversity.com');\ncy.get('#dropdown-checkboxes-radiobuttons').invoke('removeAttr', 'target').click({\n  force: true\n});\ncy.get('#dropdowm-menu-1').select('c#');\n// selected by value attr\ncy.get('#dropdowm-menu-2').select('testng').should('have.value', 'testng');\n// selected by text\ncy.get('#dropdowm-menu-3').select('JQuery').contains('JQuery');\ncy.get('#dropdowm-menu-2').select('maven').should('have.value', 'maven');\ncy.get('#dropdowm-menu-2').select('TestNG').contains('TestNG');",
              "err": {},
              "uuid": "72f0bd71-31db-4a50-b656-c51765820503",
              "parentUUID": "2f775026-365a-43ed-b1df-21c6d93925a3",
              "isHook": false,
              "skipped": false
            }
          ],
          "suites": [],
          "passes": [
            "72f0bd71-31db-4a50-b656-c51765820503"
          ],
          "failures": [],
          "pending": [],
          "skipped": [],
          "duration": 1425,
          "root": false,
          "rootEmpty": false,
          "_timeout": 2000
        }
      ],
      "passes": [],
      "failures": [],
      "pending": [],
      "skipped": [],
      "duration": 0,
      "root": true,
      "rootEmpty": true,
      "_timeout": 2000
    },
    {
      "uuid": "a92d295f-b134-4230-90f6-4df9fb9932bc",
      "title": "",
      "fullFile": "cypress/e2e/course_gianni/webdriver-uni/selectors.cy.js",
      "file": "cypress/e2e/course_gianni/webdriver-uni/selectors.cy.js",
      "beforeHooks": [],
      "afterHooks": [],
      "tests": [],
      "suites": [
        {
          "uuid": "eae0c72c-d991-4a1c-803e-5377dfb2b8fb",
          "title": "Selector examples",
          "fullFile": "",
          "file": "",
          "beforeHooks": [],
          "afterHooks": [],
          "tests": [
            {
              "title": "Examples of Selectors via  WebdriverUni Contact Us Page",
              "fullTitle": "Selector examples Examples of Selectors via  WebdriverUni Contact Us Page",
              "timedOut": null,
              "duration": 357,
              "state": "passed",
              "speed": "fast",
              "pass": true,
              "fail": false,
              "pending": false,
              "context": null,
              "code": "cy.visit('http://www.webdriveruniversity.com/Contact-Us/contactus.html');\n// By tag name\ncy.get('input');\n// By attribute name and value\ncy.get('[name=\"first_name\"]');\n// By id\ncy.get('#contact_me');\n// By class\ncy.get('.feedback-input');\n// By multiple classes\ncy.get('[class=\"navbar navbar-inverse navbar-fixed-top\"]');\n// By two different attributes\ncy.get('[name=\"email\"][placeholder=\"Email Address\"]');\n// By class\ncy.xpath('//input[@name=\"last_name\"]');",
              "err": {},
              "uuid": "5fc7243c-de1e-445a-a0d3-d2a0cdc9f7ff",
              "parentUUID": "eae0c72c-d991-4a1c-803e-5377dfb2b8fb",
              "isHook": false,
              "skipped": false
            }
          ],
          "suites": [],
          "passes": [
            "5fc7243c-de1e-445a-a0d3-d2a0cdc9f7ff"
          ],
          "failures": [],
          "pending": [],
          "skipped": [],
          "duration": 357,
          "root": false,
          "rootEmpty": false,
          "_timeout": 2000
        }
      ],
      "passes": [],
      "failures": [],
      "pending": [],
      "skipped": [],
      "duration": 0,
      "root": true,
      "rootEmpty": true,
      "_timeout": 2000
    },
    {
      "uuid": "5609b109-6fba-4950-bfbd-93f2d2a3e6fc",
      "title": "",
      "fullFile": "cypress/e2e/course_gianni/webdriver-uni/traversing-elements.cy.js",
      "file": "cypress/e2e/course_gianni/webdriver-uni/traversing-elements.cy.js",
      "beforeHooks": [],
      "afterHooks": [],
      "tests": [],
      "suites": [
        {
          "uuid": "6e22b3aa-650a-4b36-9a7c-7ac964549f34",
          "title": "Traversing DOM elements in Cypress",
          "fullFile": "",
          "file": "",
          "beforeHooks": [],
          "afterHooks": [],
          "tests": [
            {
              "title": "children() to get the children of DOM elements",
              "fullTitle": "Traversing DOM elements in Cypress children() to get the children of DOM elements",
              "timedOut": null,
              "duration": 702,
              "state": "passed",
              "speed": "fast",
              "pass": true,
              "fail": false,
              "pending": false,
              "context": null,
              "code": "cy.get('.traversal-breadcrumb').children('.active').should('contain', 'Contact Us');",
              "err": {},
              "uuid": "2018794d-2f85-4538-86ae-9cea879adab2",
              "parentUUID": "6e22b3aa-650a-4b36-9a7c-7ac964549f34",
              "isHook": false,
              "skipped": false
            },
            {
              "title": "closest() to validate the closest ancestor DOM element",
              "fullTitle": "Traversing DOM elements in Cypress closest() to validate the closest ancestor DOM element",
              "timedOut": null,
              "duration": 223,
              "state": "passed",
              "speed": "fast",
              "pass": true,
              "fail": false,
              "pending": false,
              "context": null,
              "code": "cy.get('.traversal-badge').closest('ul').should('have.class', 'list-group');",
              "err": {},
              "uuid": "6af1b76e-aaa5-476a-9911-6d2544665b2e",
              "parentUUID": "6e22b3aa-650a-4b36-9a7c-7ac964549f34",
              "isHook": false,
              "skipped": false
            },
            {
              "title": "eq() to retrieve a specific element based on index",
              "fullTitle": "Traversing DOM elements in Cypress eq() to retrieve a specific element based on index",
              "timedOut": null,
              "duration": 231,
              "state": "passed",
              "speed": "fast",
              "pass": true,
              "fail": false,
              "pending": false,
              "context": null,
              "code": "cy.get('.traversal-drinks-list > *').eq(2).should('contain', 'Milk');",
              "err": {},
              "uuid": "168ac48c-bb1a-499a-9229-e1b581cef194",
              "parentUUID": "6e22b3aa-650a-4b36-9a7c-7ac964549f34",
              "isHook": false,
              "skipped": false
            },
            {
              "title": "filter() to retrieve DOM elements that match a specific selector",
              "fullTitle": "Traversing DOM elements in Cypress filter() to retrieve DOM elements that match a specific selector",
              "timedOut": null,
              "duration": 208,
              "state": "passed",
              "speed": "fast",
              "pass": true,
              "fail": false,
              "pending": false,
              "context": null,
              "code": "cy.get('.btn-group-toggle > *').filter('.active').should('contain', 'Button-1');",
              "err": {},
              "uuid": "ab13e01d-8d69-4472-808b-0fc63518b043",
              "parentUUID": "6e22b3aa-650a-4b36-9a7c-7ac964549f34",
              "isHook": false,
              "skipped": false
            },
            {
              "title": "find() to retrieve DOM elements of a given selector",
              "fullTitle": "Traversing DOM elements in Cypress find() to retrieve DOM elements of a given selector",
              "timedOut": null,
              "duration": 219,
              "state": "passed",
              "speed": "fast",
              "pass": true,
              "fail": false,
              "pending": false,
              "context": null,
              "code": "cy.get('.traversal-pagination').find('li').find('a').should('have.length', 7);",
              "err": {},
              "uuid": "e4aeb9b0-ea43-4876-94a7-dd92e4ba39d1",
              "parentUUID": "6e22b3aa-650a-4b36-9a7c-7ac964549f34",
              "isHook": false,
              "skipped": false
            },
            {
              "title": "first() to retrieve the first DOM element within elements ",
              "fullTitle": "Traversing DOM elements in Cypress first() to retrieve the first DOM element within elements ",
              "timedOut": null,
              "duration": 210,
              "state": "passed",
              "speed": "fast",
              "pass": true,
              "fail": false,
              "pending": false,
              "context": null,
              "code": "cy.get('.traversal-table > tbody > tr > td').first().should('contain', 'Andy');",
              "err": {},
              "uuid": "6b7840ee-48fb-415a-b191-c6875d130f12",
              "parentUUID": "6e22b3aa-650a-4b36-9a7c-7ac964549f34",
              "isHook": false,
              "skipped": false
            },
            {
              "title": "last() to retrieve the last DOM element within elements",
              "fullTitle": "Traversing DOM elements in Cypress last() to retrieve the last DOM element within elements",
              "timedOut": null,
              "duration": 208,
              "state": "passed",
              "speed": "fast",
              "pass": true,
              "fail": false,
              "pending": false,
              "context": null,
              "code": "cy.get('.traversal-table > tbody > tr > td').last().should('contain', 'Scott');",
              "err": {},
              "uuid": "fe127586-dcf0-45c5-ba0f-a54e9b723e58",
              "parentUUID": "6e22b3aa-650a-4b36-9a7c-7ac964549f34",
              "isHook": false,
              "skipped": false
            },
            {
              "title": "nextAll() to get all of the next sibling DOM elements within elements",
              "fullTitle": "Traversing DOM elements in Cypress nextAll() to get all of the next sibling DOM elements within elements",
              "timedOut": null,
              "duration": 214,
              "state": "passed",
              "speed": "fast",
              "pass": true,
              "fail": false,
              "pending": false,
              "context": null,
              "code": "cy.get('.traversal-drinks-list').contains('Tea').nextAll().should('have.length', 3);",
              "err": {},
              "uuid": "c8ffdc3b-023c-491b-a684-2ed87dd5bc56",
              "parentUUID": "6e22b3aa-650a-4b36-9a7c-7ac964549f34",
              "isHook": false,
              "skipped": false
            },
            {
              "title": "nextUntil() to get all of the next sibling DOM elements within elements until another element",
              "fullTitle": "Traversing DOM elements in Cypress nextUntil() to get all of the next sibling DOM elements within elements until another element",
              "timedOut": null,
              "duration": 208,
              "state": "passed",
              "speed": "fast",
              "pass": true,
              "fail": false,
              "pending": false,
              "context": null,
              "code": "cy.get('#coffee').nextUntil('#milk');",
              "err": {},
              "uuid": "533227df-f6ad-4069-8a0b-4d4ff4d46963",
              "parentUUID": "6e22b3aa-650a-4b36-9a7c-7ac964549f34",
              "isHook": false,
              "skipped": false
            },
            {
              "title": "not() to remove DOM element(s) from the set of elements",
              "fullTitle": "Traversing DOM elements in Cypress not() to remove DOM element(s) from the set of elements",
              "timedOut": null,
              "duration": 214,
              "state": "passed",
              "speed": "fast",
              "pass": true,
              "fail": false,
              "pending": false,
              "context": null,
              "code": "cy.get('.traversal-button-states > button').not('.disabled').should('not.have.class', 'disabled');",
              "err": {},
              "uuid": "15fd9cf2-c344-4d78-8690-a2a9c207a397",
              "parentUUID": "6e22b3aa-650a-4b36-9a7c-7ac964549f34",
              "isHook": false,
              "skipped": false
            },
            {
              "title": "parent() To get parent DOM element of elements",
              "fullTitle": "Traversing DOM elements in Cypress parent() To get parent DOM element of elements",
              "timedOut": null,
              "duration": 308,
              "state": "passed",
              "speed": "fast",
              "pass": true,
              "fail": false,
              "pending": false,
              "context": null,
              "code": "cy.get('.traversal-mark').parent().should('contain', 'Lorem ipsum dolor sit amet');",
              "err": {},
              "uuid": "c5fa3a38-c731-44f9-b9d3-064d36b38956",
              "parentUUID": "6e22b3aa-650a-4b36-9a7c-7ac964549f34",
              "isHook": false,
              "skipped": false
            },
            {
              "title": "parents() to get parents DOM element of elements",
              "fullTitle": "Traversing DOM elements in Cypress parents() to get parents DOM element of elements",
              "timedOut": null,
              "duration": 222,
              "state": "passed",
              "speed": "fast",
              "pass": true,
              "fail": false,
              "pending": false,
              "context": null,
              "code": "cy.get('.traversal-cite').parents().should('match', 'blockquote');",
              "err": {},
              "uuid": "b12af2a3-ccf2-4958-ad78-9154ae5929e1",
              "parentUUID": "6e22b3aa-650a-4b36-9a7c-7ac964549f34",
              "isHook": false,
              "skipped": false
            },
            {
              "title": "prev() to get the previous sibling DOM element within elements",
              "fullTitle": "Traversing DOM elements in Cypress prev() to get the previous sibling DOM element within elements",
              "timedOut": null,
              "duration": 211,
              "state": "passed",
              "speed": "fast",
              "pass": true,
              "fail": false,
              "pending": false,
              "context": null,
              "code": "cy.get('#sugar').prev().should('contain', 'Espresso');",
              "err": {},
              "uuid": "0f05d10c-544e-41f3-8b9b-d50de24275fd",
              "parentUUID": "6e22b3aa-650a-4b36-9a7c-7ac964549f34",
              "isHook": false,
              "skipped": false
            },
            {
              "title": "prevAll() to get all previous sibling DOM elements within elements",
              "fullTitle": "Traversing DOM elements in Cypress prevAll() to get all previous sibling DOM elements within elements",
              "timedOut": null,
              "duration": 205,
              "state": "passed",
              "speed": "fast",
              "pass": true,
              "fail": false,
              "pending": false,
              "context": null,
              "code": "cy.get('.sales').prevAll().should('have.length', 2);",
              "err": {},
              "uuid": "b84922d4-afba-4b3e-939e-5dc061f55827",
              "parentUUID": "6e22b3aa-650a-4b36-9a7c-7ac964549f34",
              "isHook": false,
              "skipped": false
            },
            {
              "title": "prevUntil() to get all previous sibling DOM elements within elements until other element",
              "fullTitle": "Traversing DOM elements in Cypress prevUntil() to get all previous sibling DOM elements within elements until other element",
              "timedOut": null,
              "duration": 207,
              "state": "passed",
              "speed": "fast",
              "pass": true,
              "fail": false,
              "pending": false,
              "context": null,
              "code": "cy.get('#veggie').prevUntil('#fruits').should('have.length', 5);",
              "err": {},
              "uuid": "f9288832-630e-4c22-be31-879fcb7f3601",
              "parentUUID": "6e22b3aa-650a-4b36-9a7c-7ac964549f34",
              "isHook": false,
              "skipped": false
            },
            {
              "title": "siblings() To get all sibling DOM elements of elements",
              "fullTitle": "Traversing DOM elements in Cypress siblings() To get all sibling DOM elements of elements",
              "timedOut": null,
              "duration": 210,
              "state": "passed",
              "speed": "fast",
              "pass": true,
              "fail": false,
              "pending": false,
              "context": null,
              "code": "cy.get('.traversal-button-other-states .active').siblings().should('have.length', 3);",
              "err": {},
              "uuid": "b02a3be9-e3c2-41ef-88e1-6bf01071eae8",
              "parentUUID": "6e22b3aa-650a-4b36-9a7c-7ac964549f34",
              "isHook": false,
              "skipped": false
            }
          ],
          "suites": [],
          "passes": [
            "2018794d-2f85-4538-86ae-9cea879adab2",
            "6af1b76e-aaa5-476a-9911-6d2544665b2e",
            "168ac48c-bb1a-499a-9229-e1b581cef194",
            "ab13e01d-8d69-4472-808b-0fc63518b043",
            "e4aeb9b0-ea43-4876-94a7-dd92e4ba39d1",
            "6b7840ee-48fb-415a-b191-c6875d130f12",
            "fe127586-dcf0-45c5-ba0f-a54e9b723e58",
            "c8ffdc3b-023c-491b-a684-2ed87dd5bc56",
            "533227df-f6ad-4069-8a0b-4d4ff4d46963",
            "15fd9cf2-c344-4d78-8690-a2a9c207a397",
            "c5fa3a38-c731-44f9-b9d3-064d36b38956",
            "b12af2a3-ccf2-4958-ad78-9154ae5929e1",
            "0f05d10c-544e-41f3-8b9b-d50de24275fd",
            "b84922d4-afba-4b3e-939e-5dc061f55827",
            "f9288832-630e-4c22-be31-879fcb7f3601",
            "b02a3be9-e3c2-41ef-88e1-6bf01071eae8"
          ],
          "failures": [],
          "pending": [],
          "skipped": [],
          "duration": 4000,
          "root": false,
          "rootEmpty": false,
          "_timeout": 2000
        }
      ],
      "passes": [],
      "failures": [],
      "pending": [],
      "skipped": [],
      "duration": 0,
      "root": true,
      "rootEmpty": true,
      "_timeout": 2000
    }
  ],
  "meta": {
    "mocha": {
      "version": "7.0.1"
    },
    "mochawesome": {
      "options": {
        "quiet": false,
        "reportFilename": "mochawesome",
        "saveHtml": false,
        "saveJson": true,
        "consoleReporter": "spec",
        "useInlineDiffs": false,
        "code": true
      },
      "version": "7.1.3"
    },
    "marge": {
      "options": {
        "id": "default",
        "reportDir": "cypress/results/mochawesome",
        "quite": true,
        "overwrite": false,
        "html": false,
        "json": true
      },
      "version": "6.2.0"
    }
  }
}